This is pdfTeX, Version 3.14159265-2.6-1.40.19 (MiKTeX 2.9.6840 64-bit) (preloaded format=pdflatex 2018.12.18)  14 JAN 2019 16:25
entering extended mode
**./document.tex
(document.tex
LaTeX2e <2018-04-01> patch level 5
("C:\Users\Lorenzo\AppData\Local\Programs\MiKTeX 2.9\tex\latex\base\book.cls"
Document Class: book 2014/09/29 v1.4h Standard LaTeX document class
("C:\Users\Lorenzo\AppData\Local\Programs\MiKTeX 2.9\tex\latex\base\bk11.clo"
File: bk11.clo 2014/09/29 v1.4h Standard LaTeX file (size option)
)
\c@part=\count80
\c@chapter=\count81
\c@section=\count82
\c@subsection=\count83
\c@subsubsection=\count84
\c@paragraph=\count85
\c@subparagraph=\count86
\c@figure=\count87
\c@table=\count88
\abovecaptionskip=\skip41
\belowcaptionskip=\skip42
\bibindent=\dimen102
)
("C:\Users\Lorenzo\AppData\Local\Programs\MiKTeX 2.9\tex\latex\base\inputenc.st
y"
Package: inputenc 2018/04/06 v1.3b Input encoding file
\inpenc@prehook=\toks14
\inpenc@posthook=\toks15

("C:\Users\Lorenzo\AppData\Local\Programs\MiKTeX 2.9\tex\latex\base\latin1.def"
File: latin1.def 2018/04/06 v1.3b Input encoding file
))
("C:\Users\Lorenzo\AppData\Local\Programs\MiKTeX 2.9\tex\generic\babel\babel.st
y"
Package: babel 2018/09/26 3.24 The Babel package

("C:\Users\Lorenzo\AppData\Local\Programs\MiKTeX 2.9\tex\generic\babel\switch.d
ef"
File: switch.def 2018/09/26 3.24 Babel switching mechanism
)
*************************************
* Local config file bblopts.cfg used
*

("C:\Users\Lorenzo\AppData\Local\Programs\MiKTeX 2.9\tex\latex\arabi\bblopts.cf
g"
File: bblopts.cfg 2005/09/08 v0.1 add Arabic and Farsi to "declared" options of
 babel
)
("C:\Users\Lorenzo\AppData\Local\Programs\MiKTeX 2.9\tex\latex\babel-english\en
glish.ldf"
Language: english 2017/06/06 v3.3r English support from the babel system

("C:\Users\Lorenzo\AppData\Local\Programs\MiKTeX 2.9\tex\generic\babel\babel.de
f"
File: babel.def 2018/09/26 3.24 Babel common definitions
\babel@savecnt=\count89
\U@D=\dimen103

("C:\Users\Lorenzo\AppData\Local\Programs\MiKTeX 2.9\tex\generic\babel\txtbabel
.def")
\bbl@dirlevel=\count90
)
\l@canadian = a dialect from \language\l@american 
\l@australian = a dialect from \language\l@british 
\l@newzealand = a dialect from \language\l@british 
))
("C:\Users\Lorenzo\AppData\Local\Programs\MiKTeX 2.9\tex\latex\amsfonts\amsfont
s.sty"
Package: amsfonts 2013/01/14 v3.01 Basic AMSFonts support
\@emptytoks=\toks16
\symAMSa=\mathgroup4
\symAMSb=\mathgroup5
LaTeX Font Info:    Overwriting math alphabet `\mathfrak' in version `bold'
(Font)                  U/euf/m/n --> U/euf/b/n on input line 106.
)
("C:\Users\Lorenzo\AppData\Local\Programs\MiKTeX 2.9\tex\latex\amsmath\amsmath.
sty"
Package: amsmath 2017/09/02 v2.17a AMS math features
\@mathmargin=\skip43

For additional information on amsmath, use the `?' option.

("C:\Users\Lorenzo\AppData\Local\Programs\MiKTeX 2.9\tex\latex\amsmath\amstext.
sty"
Package: amstext 2000/06/29 v2.01 AMS text

("C:\Users\Lorenzo\AppData\Local\Programs\MiKTeX 2.9\tex\latex\amsmath\amsgen.s
ty"
File: amsgen.sty 1999/11/30 v2.0 generic functions
\@emptytoks=\toks17
\ex@=\dimen104
))
("C:\Users\Lorenzo\AppData\Local\Programs\MiKTeX 2.9\tex\latex\amsmath\amsbsy.s
ty"
Package: amsbsy 1999/11/29 v1.2d Bold Symbols
\pmbraise@=\dimen105
)
("C:\Users\Lorenzo\AppData\Local\Programs\MiKTeX 2.9\tex\latex\amsmath\amsopn.s
ty"
Package: amsopn 2016/03/08 v2.02 operator names
)
\inf@bad=\count91
LaTeX Info: Redefining \frac on input line 213.
\uproot@=\count92
\leftroot@=\count93
LaTeX Info: Redefining \overline on input line 375.
\classnum@=\count94
\DOTSCASE@=\count95
LaTeX Info: Redefining \ldots on input line 472.
LaTeX Info: Redefining \dots on input line 475.
LaTeX Info: Redefining \cdots on input line 596.
\Mathstrutbox@=\box26
\strutbox@=\box27
\big@size=\dimen106
LaTeX Font Info:    Redeclaring font encoding OML on input line 712.
LaTeX Font Info:    Redeclaring font encoding OMS on input line 713.
\macc@depth=\count96
\c@MaxMatrixCols=\count97
\dotsspace@=\muskip10
\c@parentequation=\count98
\dspbrk@lvl=\count99
\tag@help=\toks18
\row@=\count100
\column@=\count101
\maxfields@=\count102
\andhelp@=\toks19
\eqnshift@=\dimen107
\alignsep@=\dimen108
\tagshift@=\dimen109
\tagwidth@=\dimen110
\totwidth@=\dimen111
\lineht@=\dimen112
\@envbody=\toks20
\multlinegap=\skip44
\multlinetaggap=\skip45
\mathdisplay@stack=\toks21
LaTeX Info: Redefining \[ on input line 2817.
LaTeX Info: Redefining \] on input line 2818.
)
("C:\Users\Lorenzo\AppData\Local\Programs\MiKTeX 2.9\tex\latex\amsfonts\amssymb
.sty"
Package: amssymb 2013/01/14 v3.01 AMS font symbols
)
("C:\Users\Lorenzo\AppData\Local\Programs\MiKTeX 2.9\tex\latex\graphics\color.s
ty"
Package: color 2016/07/10 v1.1e Standard LaTeX Color (DPC)

("C:\Users\Lorenzo\AppData\Local\Programs\MiKTeX 2.9\tex\latex\graphics-cfg\col
or.cfg"
File: color.cfg 2016/01/02 v1.6 sample color configuration
)
Package color Info: Driver file: pdftex.def on input line 147.

("C:\Users\Lorenzo\AppData\Local\Programs\MiKTeX 2.9\tex\latex\graphics-def\pdf
tex.def"
File: pdftex.def 2018/01/08 v1.0l Graphics/color driver for pdftex
))
("C:\Users\Lorenzo\AppData\Local\Programs\MiKTeX 2.9\tex\latex\cite\cite.sty"
LaTeX Info: Redefining \cite on input line 302.
LaTeX Info: Redefining \nocite on input line 332.
Package: cite 2015/02/27  v 5.5
)
("C:\Users\Lorenzo\AppData\Local\Programs\MiKTeX 2.9\tex\latex\graphics\graphic
x.sty"
Package: graphicx 2017/06/01 v1.1a Enhanced LaTeX Graphics (DPC,SPQR)

("C:\Users\Lorenzo\AppData\Local\Programs\MiKTeX 2.9\tex\latex\graphics\keyval.
sty"
Package: keyval 2014/10/28 v1.15 key=value parser (DPC)
\KV@toks@=\toks22
)
("C:\Users\Lorenzo\AppData\Local\Programs\MiKTeX 2.9\tex\latex\graphics\graphic
s.sty"
Package: graphics 2017/06/25 v1.2c Standard LaTeX Graphics (DPC,SPQR)

("C:\Users\Lorenzo\AppData\Local\Programs\MiKTeX 2.9\tex\latex\graphics\trig.st
y"
Package: trig 2016/01/03 v1.10 sin cos tan (DPC)
)
("C:\Users\Lorenzo\AppData\Local\Programs\MiKTeX 2.9\tex\latex\graphics-cfg\gra
phics.cfg"
File: graphics.cfg 2016/06/04 v1.11 sample graphics configuration
)
Package graphics Info: Driver file: pdftex.def on input line 99.
)
\Gin@req@height=\dimen113
\Gin@req@width=\dimen114
)
("C:\Users\Lorenzo\AppData\Local\Programs\MiKTeX 2.9\tex\latex\float\float.sty"
Package: float 2001/11/08 v1.3d Float enhancements (AL)
\c@float@type=\count103
\float@exts=\toks23
\float@box=\box28
\@float@everytoks=\toks24
\@floatcapt=\box29
)
("C:\Users\Lorenzo\AppData\Local\Programs\MiKTeX 2.9\tex\latex\listings\listing
s.sty"
\lst@mode=\count104
\lst@gtempboxa=\box30
\lst@token=\toks25
\lst@length=\count105
\lst@currlwidth=\dimen115
\lst@column=\count106
\lst@pos=\count107
\lst@lostspace=\dimen116
\lst@width=\dimen117
\lst@newlines=\count108
\lst@lineno=\count109
\lst@maxwidth=\dimen118

("C:\Users\Lorenzo\AppData\Local\Programs\MiKTeX 2.9\tex\latex\listings\lstmisc
.sty"
File: lstmisc.sty 2018/09/02 1.7 (Carsten Heinz)
\c@lstnumber=\count110
\lst@skipnumbers=\count111
\lst@framebox=\box31
)
("C:\Users\Lorenzo\AppData\Local\Programs\MiKTeX 2.9\tex\latex\listings\listing
s.cfg"
File: listings.cfg 2018/09/02 1.7 listings configuration
))
Package: listings 2018/09/02 1.7 (Carsten Heinz)

("C:\Users\Lorenzo\AppData\Local\Programs\MiKTeX 2.9\tex\latex\animate\animate.
sty"
Package: animate 2018/12/19 PDF & SVG animations from files and inline graphics


("C:\Users\Lorenzo\AppData\Local\Programs\MiKTeX 2.9\tex\latex\xkeyval\xkeyval.
sty"
Package: xkeyval 2014/12/03 v2.7a package option processing (HA)

("C:\Users\Lorenzo\AppData\Local\Programs\MiKTeX 2.9\tex\generic\xkeyval\xkeyva
l.tex"
("C:\Users\Lorenzo\AppData\Local\Programs\MiKTeX 2.9\tex\generic\xkeyval\xkvuti
ls.tex"
\XKV@toks=\toks26
\XKV@tempa@toks=\toks27
)
\XKV@depth=\count112
File: xkeyval.tex 2014/12/03 v2.7a key=value parser (HA)
))
("C:\Users\Lorenzo\AppData\Local\Programs\MiKTeX 2.9\tex\latex\base\ifthen.sty"
Package: ifthen 2014/09/29 v1.1c Standard LaTeX ifthen package (DPC)
)
("C:\Users\Lorenzo\AppData\Local\Programs\MiKTeX 2.9\tex\generic\oberdiek\ifpdf
.sty"
Package: ifpdf 2018/09/07 v3.3 Provides the ifpdf switch
)
("C:\Users\Lorenzo\AppData\Local\Programs\MiKTeX 2.9\tex\generic\oberdiek\iflua
tex.sty"
Package: ifluatex 2016/05/16 v1.4 Provides the ifluatex switch (HO)
Package ifluatex Info: LuaTeX not detected.
)
("C:\Users\Lorenzo\AppData\Local\Programs\MiKTeX 2.9\tex\generic\ifxetex\ifxete
x.sty"
Package: ifxetex 2010/09/12 v0.6 Provides ifxetex conditional
)
("C:\Users\Lorenzo\AppData\Local\Programs\MiKTeX 2.9\tex\latex\oberdiek\ifdraft
.sty"
Package: ifdraft 2016/05/16 v1.4 Detect class options draft and final (HO)
)
("C:\Users\Lorenzo\AppData\Local\Programs\MiKTeX 2.9\tex\latex\tools\calc.sty"
Package: calc 2017/05/25 v4.3 Infix arithmetic (KKT,FJ)
\calc@Acount=\count113
\calc@Bcount=\count114
\calc@Adimen=\dimen119
\calc@Bdimen=\dimen120
\calc@Askip=\skip46
\calc@Bskip=\skip47
LaTeX Info: Redefining \setlength on input line 80.
LaTeX Info: Redefining \addtolength on input line 81.
\calc@Ccount=\count115
\calc@Cskip=\skip48
)
("C:\Users\Lorenzo\AppData\Local\Programs\MiKTeX 2.9\tex\latex\oberdiek\zref-ab
spage.sty"
Package: zref-abspage 2016/05/21 v2.26 Module abspage for zref (HO)

("C:\Users\Lorenzo\AppData\Local\Programs\MiKTeX 2.9\tex\latex\oberdiek\zref-ba
se.sty"
Package: zref-base 2016/05/21 v2.26 Module base for zref (HO)

("C:\Users\Lorenzo\AppData\Local\Programs\MiKTeX 2.9\tex\generic\oberdiek\ltxcm
ds.sty"
Package: ltxcmds 2016/05/16 v1.23 LaTeX kernel commands for general use (HO)
)
("C:\Users\Lorenzo\AppData\Local\Programs\MiKTeX 2.9\tex\generic\oberdiek\infwa
rerr.sty"
Package: infwarerr 2016/05/16 v1.4 Providing info/warning/error messages (HO)
)
("C:\Users\Lorenzo\AppData\Local\Programs\MiKTeX 2.9\tex\generic\oberdiek\kvset
keys.sty"
Package: kvsetkeys 2016/05/16 v1.17 Key value parser (HO)

("C:\Users\Lorenzo\AppData\Local\Programs\MiKTeX 2.9\tex\generic\oberdiek\etexc
mds.sty"
Package: etexcmds 2016/05/16 v1.6 Avoid name clashes with e-TeX commands (HO)
Package etexcmds Info: Could not find \expanded.
(etexcmds)             That can mean that you are not using pdfTeX 1.50 or
(etexcmds)             that some package has redefined \expanded.
(etexcmds)             In the latter case, load this package earlier.
))
("C:\Users\Lorenzo\AppData\Local\Programs\MiKTeX 2.9\tex\generic\oberdiek\kvdef
inekeys.sty"
Package: kvdefinekeys 2016/05/16 v1.4 Define keys (HO)
)
("C:\Users\Lorenzo\AppData\Local\Programs\MiKTeX 2.9\tex\generic\oberdiek\pdfte
xcmds.sty"
Package: pdftexcmds 2018/09/10 v0.29 Utility functions of pdfTeX for LuaTeX (HO
)
Package pdftexcmds Info: LuaTeX not detected.
Package pdftexcmds Info: \pdf@primitive is available.
Package pdftexcmds Info: \pdf@ifprimitive is available.
Package pdftexcmds Info: \pdfdraftmode found.
)
("C:\Users\Lorenzo\AppData\Local\Programs\MiKTeX 2.9\tex\latex\oberdiek\auxhook
.sty"
Package: auxhook 2016/05/16 v1.4 Hooks for auxiliary files (HO)
)
Package zref Info: New property list: main on input line 759.
Package zref Info: New property: default on input line 760.
Package zref Info: New property: page on input line 761.
)
("C:\Users\Lorenzo\AppData\Local\Programs\MiKTeX 2.9\tex\generic\oberdiek\atbeg
shi.sty"
Package: atbegshi 2016/06/09 v1.18 At begin shipout hook (HO)
)
\c@abspage=\count116
Package zref Info: New property: abspage on input line 62.
)
("C:\Users\Lorenzo\AppData\Local\Programs\MiKTeX 2.9\tex\latex\media9\pdfbase.s
ty"
("C:\Users\Lorenzo\AppData\Local\Programs\MiKTeX 2.9\tex\latex\l3kernel\expl3.s
ty"
Package: expl3 2019-01-01 L3 programming layer (loader) 

("C:\Users\Lorenzo\AppData\Local\Programs\MiKTeX 2.9\tex\latex\l3kernel\expl3-c
ode.tex"
Package: expl3 2019-01-01 L3 programming layer (code)
\c_max_int=\count117
\l_tmpa_int=\count118
\l_tmpb_int=\count119
\g_tmpa_int=\count120
\g_tmpb_int=\count121
\g__kernel_prg_map_int=\count122
\c_log_iow=\count123
\l_iow_line_count_int=\count124
\l__iow_line_target_int=\count125
\l__iow_one_indent_int=\count126
\l__iow_indent_int=\count127
\c_zero_dim=\dimen121
\c_max_dim=\dimen122
\l_tmpa_dim=\dimen123
\l_tmpb_dim=\dimen124
\g_tmpa_dim=\dimen125
\g_tmpb_dim=\dimen126
\c_zero_skip=\skip49
\c_max_skip=\skip50
\l_tmpa_skip=\skip51
\l_tmpb_skip=\skip52
\g_tmpa_skip=\skip53
\g_tmpb_skip=\skip54
\c_zero_muskip=\muskip11
\c_max_muskip=\muskip12
\l_tmpa_muskip=\muskip13
\l_tmpb_muskip=\muskip14
\g_tmpa_muskip=\muskip15
\g_tmpb_muskip=\muskip16
\l_keys_choice_int=\count128
\l__intarray_loop_int=\count129
\c__intarray_sp_dim=\dimen127
\g__intarray_font_int=\count130
\c__fp_leading_shift_int=\count131
\c__fp_middle_shift_int=\count132
\c__fp_trailing_shift_int=\count133
\c__fp_big_leading_shift_int=\count134
\c__fp_big_middle_shift_int=\count135
\c__fp_big_trailing_shift_int=\count136
\c__fp_Bigg_leading_shift_int=\count137
\c__fp_Bigg_middle_shift_int=\count138
\c__fp_Bigg_trailing_shift_int=\count139
\c__kernel_randint_max_int=\count140
\g__fp_array_int=\count141
\l__fp_array_loop_int=\count142
\l__sort_length_int=\count143
\l__sort_min_int=\count144
\l__sort_top_int=\count145
\l__sort_max_int=\count146
\l__sort_true_max_int=\count147
\l__sort_block_int=\count148
\l__sort_begin_int=\count149
\l__sort_end_int=\count150
\l__sort_A_int=\count151
\l__sort_B_int=\count152
\l__sort_C_int=\count153
\l__tl_analysis_normal_int=\count154
\l__tl_analysis_index_int=\count155
\l__tl_analysis_nesting_int=\count156
\l__tl_analysis_type_int=\count157
\l__regex_internal_a_int=\count158
\l__regex_internal_b_int=\count159
\l__regex_internal_c_int=\count160
\l__regex_balance_int=\count161
\l__regex_group_level_int=\count162
\l__regex_mode_int=\count163
\c__regex_cs_in_class_mode_int=\count164
\c__regex_cs_mode_int=\count165
\l__regex_catcodes_int=\count166
\l__regex_default_catcodes_int=\count167
\c__regex_catcode_D_int=\count168
\c__regex_catcode_S_int=\count169
\c__regex_catcode_L_int=\count170
\c__regex_catcode_O_int=\count171
\c__regex_catcode_A_int=\count172
\c__regex_all_catcodes_int=\count173
\l__regex_show_lines_int=\count174
\l__regex_min_state_int=\count175
\l__regex_max_state_int=\count176
\l__regex_left_state_int=\count177
\l__regex_right_state_int=\count178
\l__regex_capturing_group_int=\count179
\l__regex_min_pos_int=\count180
\l__regex_max_pos_int=\count181
\l__regex_curr_pos_int=\count182
\l__regex_start_pos_int=\count183
\l__regex_success_pos_int=\count184
\l__regex_curr_char_int=\count185
\l__regex_curr_catcode_int=\count186
\l__regex_last_char_int=\count187
\l__regex_case_changed_char_int=\count188
\l__regex_curr_state_int=\count189
\l__regex_step_int=\count190
\l__regex_min_active_int=\count191
\l__regex_max_active_int=\count192
\l__regex_replacement_csnames_int=\count193
\l__regex_match_count_int=\count194
\l__regex_min_submatch_int=\count195
\l__regex_submatch_int=\count196
\l__regex_zeroth_submatch_int=\count197
\g__regex_trace_regex_int=\count198
\c_empty_box=\box32
\l_tmpa_box=\box33
\l_tmpb_box=\box34
\g_tmpa_box=\box35
\g_tmpb_box=\box36
\l__box_top_dim=\dimen128
\l__box_bottom_dim=\dimen129
\l__box_left_dim=\dimen130
\l__box_right_dim=\dimen131
\l__box_top_new_dim=\dimen132
\l__box_bottom_new_dim=\dimen133
\l__box_left_new_dim=\dimen134
\l__box_right_new_dim=\dimen135
\l__box_internal_box=\box37
\l__coffin_internal_box=\box38
\l__coffin_internal_dim=\dimen136
\l__coffin_offset_x_dim=\dimen137
\l__coffin_offset_y_dim=\dimen138
\l__coffin_x_dim=\dimen139
\l__coffin_y_dim=\dimen140
\l__coffin_x_prime_dim=\dimen141
\l__coffin_y_prime_dim=\dimen142
\c_empty_coffin=\box39
\l__coffin_aligned_coffin=\box40
\l__coffin_aligned_internal_coffin=\box41
\l_tmpa_coffin=\box42
\l_tmpb_coffin=\box43
\l__coffin_display_coffin=\box44
\l__coffin_display_coord_coffin=\box45
\l__coffin_display_pole_coffin=\box46
\l__coffin_display_offset_dim=\dimen143
\l__coffin_display_x_dim=\dimen144
\l__coffin_display_y_dim=\dimen145
\g__file_internal_ior=\read1
\l__coffin_bounding_shift_dim=\dimen146
\l__coffin_left_corner_dim=\dimen147
\l__coffin_right_corner_dim=\dimen148
\l__coffin_bottom_corner_dim=\dimen149
\l__coffin_top_corner_dim=\dimen150
\l__coffin_scaled_total_height_dim=\dimen151
\l__coffin_scaled_width_dim=\dimen152
\l__seq_internal_a_int=\count199
\l__seq_internal_b_int=\count266
)
("C:\Users\Lorenzo\AppData\Local\Programs\MiKTeX 2.9\tex\latex\l3kernel\l3pdfmo
de.def"
File: l3pdfmode.def 2019-01-01 v L3 Experimental driver: PDF mode
\l__driver_color_stack_int=\count267
))
("C:\Users\Lorenzo\AppData\Local\Programs\MiKTeX 2.9\tex\latex\l3packages\l3key
s2e\l3keys2e.sty"
Package: l3keys2e 2018-10-17 LaTeX2e option processing using LaTeX3 keys
)
Package: pdfbase 2019/01/02 v0.25 driver independent access to low-level PDF fe
atures
\g_pbs_page_int=\count268
\g_pbs_oc_int=\count269
)
("C:\Users\Lorenzo\AppData\Local\Programs\MiKTeX 2.9\tex\latex\ocgx2\ocgbase.st
y"
Package: ocgbase 2018/06/07 v0.14 support package for ocgx2.sty
\g_ocgbase_nd_int=\count270
)
\@anim@box=\box47
\@anim@measbox=\box48
\@anim@tmpdima=\dimen153
\@anim@tmpdimb=\dimen154
\@anim@num=\count271
\@anim@curframe=\count272
\@anim@curframe@zb=\count273
\@anim@resizeflags=\count274
\@anim@skipfram=\count275
\@anim@mulframecnt=\count276
\@anim@@tmlnfile=\read2
\@anim@tmpcnt=\count277
\c@@anim@ltxcnt=\count278
\@anim@curlayer=\count279
\@anim@lineno=\count280
\@anim@curfield=\count281
\@anim@@resizeflags=\count282
)
("C:\Users\Lorenzo\AppData\Local\Programs\MiKTeX 2.9\tex\latex\listings\lstlang
1.sty"
File: lstlang1.sty 2018/09/02 1.7 listings language file
) (document.aux)
\openout1 = `document.aux'.

LaTeX Font Info:    Checking defaults for OML/cmm/m/it on input line 42.
LaTeX Font Info:    ... okay on input line 42.
LaTeX Font Info:    Checking defaults for T1/cmr/m/n on input line 42.
LaTeX Font Info:    ... okay on input line 42.
LaTeX Font Info:    Checking defaults for OT1/cmr/m/n on input line 42.
LaTeX Font Info:    ... okay on input line 42.
LaTeX Font Info:    Checking defaults for OMS/cmsy/m/n on input line 42.
LaTeX Font Info:    ... okay on input line 42.
LaTeX Font Info:    Checking defaults for OMX/cmex/m/n on input line 42.
LaTeX Font Info:    ... okay on input line 42.
LaTeX Font Info:    Checking defaults for U/cmr/m/n on input line 42.
LaTeX Font Info:    ... okay on input line 42.

("C:\Users\Lorenzo\AppData\Local\Programs\MiKTeX 2.9\tex\context\base\supp-pdf.
mkii"
[Loading MPS to PDF converter (version 2006.09.02).]
\scratchcounter=\count283
\scratchdimen=\dimen155
\scratchbox=\box49
\nofMPsegments=\count284
\nofMParguments=\count285
\everyMPshowfont=\toks28
\MPscratchCnt=\count286
\MPscratchDim=\dimen156
\MPnumerator=\count287
\makeMPintoPDFobject=\count288
\everyMPtoPDFconversion=\toks29
)
("C:\Users\Lorenzo\AppData\Local\Programs\MiKTeX 2.9\tex\latex\oberdiek\epstopd
f-base.sty"
Package: epstopdf-base 2016/05/15 v2.6 Base part for package epstopdf

("C:\Users\Lorenzo\AppData\Local\Programs\MiKTeX 2.9\tex\latex\oberdiek\grfext.
sty"
Package: grfext 2016/05/16 v1.2 Manage graphics extensions (HO)
)
("C:\Users\Lorenzo\AppData\Local\Programs\MiKTeX 2.9\tex\latex\oberdiek\kvoptio
ns.sty"
Package: kvoptions 2016/05/16 v3.12 Key value format for package options (HO)
)
Package epstopdf-base Info: Redefining graphics rule for `.eps' on input line 4
38.
Package grfext Info: Graphics extension search list:
(grfext)             [.pdf,.png,.jpg,.mps,.jpeg,.jbig2,.jb2,.PDF,.PNG,.JPG,.JPE
G,.JBIG2,.JB2,.eps]
(grfext)             \AppendGraphicsExtensions on input line 456.
)
\c@lstlisting=\count289
\AtBeginShipoutBox=\box50
<figs/logo_unibo.png, id=1, 766.865pt x 401.5pt>
File: figs/logo_unibo.png Graphic file (type png)
<use figs/logo_unibo.png>
Package pdftex.def Info: figs/logo_unibo.png  used on input line 53.
(pdftex.def)             Requested size: 207.05632pt x 108.40643pt.
 [1

{C:/Users/Lorenzo/AppData/Local/MiKTeX/2.9/pdftex/config/pdftex.map} <./figs/lo
go_unibo.png (PNG copy)>] (document.toc
LaTeX Font Info:    Try loading font information for U+msa on input line 3.

("C:\Users\Lorenzo\AppData\Local\Programs\MiKTeX 2.9\tex\latex\amsfonts\umsa.fd
"
File: umsa.fd 2013/01/14 v3.01 AMS symbols A
)
LaTeX Font Info:    Try loading font information for U+msb on input line 3.

("C:\Users\Lorenzo\AppData\Local\Programs\MiKTeX 2.9\tex\latex\amsfonts\umsb.fd
"
File: umsb.fd 2013/01/14 v3.01 AMS symbols B
))
\tf@toc=\write3
\openout3 = `document.toc'.

 [2

] (document.lof)
\tf@lof=\write4
\openout4 = `document.lof'.

 [3

]
Chapter 1.
LaTeX Font Info:    Try loading font information for OMS+cmr on input line 109.

("C:\Users\Lorenzo\AppData\Local\Programs\MiKTeX 2.9\tex\latex\base\omscmr.fd"
File: omscmr.fd 2014/09/29 v2.5h Standard LaTeX font definitions
)
LaTeX Font Info:    Font shape `OMS/cmr/m/n' in size <10.95> not available
(Font)              Font shape `OMS/cmsy/m/n' tried instead on input line 109.
<figs/lineFollowingArena.png, id=17, 548.80031pt x 346.29375pt>
File: figs/lineFollowingArena.png Graphic file (type png)
<use figs/lineFollowingArena.png>
Package pdftex.def Info: figs/lineFollowingArena.png  used on input line 119.
(pdftex.def)             Requested size: 301.8411pt x 190.46214pt.
<figs/obstacleArena.png, id=18, 563.85657pt x 413.29407pt>
File: figs/obstacleArena.png Graphic file (type png)
<use figs/obstacleArena.png>
Package pdftex.def Info: figs/obstacleArena.png  used on input line 125.
(pdftex.def)             Requested size: 310.12207pt x 227.31242pt.

Underfull \hbox (badness 10000) in paragraph at lines 133--135

 []

[4

] [5 <./figs/lineFollowingArena.png> <./figs/obstacleArena.png>]
<figs/arnold4trasp.png, id=31, 2295.32532pt x 2512.88812pt>
File: figs/arnold4trasp.png Graphic file (type png)
<use figs/arnold4trasp.png>
Package pdftex.def Info: figs/arnold4trasp.png  used on input line 141.
(pdftex.def)             Requested size: 344.28395pt x 376.91696pt.
<figs/gyroscope.png, id=33, 401.24907pt x 170.88844pt>
File: figs/gyroscope.png Graphic file (type png)
<use figs/gyroscope.png>
Package pdftex.def Info: figs/gyroscope.png  used on input line 153.
(pdftex.def)             Requested size: 240.75128pt x 102.53384pt.
 [6 <./figs/arnold4trasp.png>]
Underfull \hbox (badness 10000) in paragraph at lines 168--169

 []

[7 <./figs/gyroscope.png>]
Underfull \hbox (badness 10000) in paragraph at lines 196--197

 []

[8]
<figs/lightError.png, id=47, 526.96875pt x 395.22656pt>
File: figs/lightError.png Graphic file (type png)
<use figs/lightError.png>
Package pdftex.def Info: figs/lightError.png  used on input line 236.
(pdftex.def)             Requested size: 237.13374pt x 177.8503pt.

Underfull \hbox (badness 10000) in paragraph at lines 232--238

 []

[9]
<figs/PID_fig.png, id=51, 430.60875pt x 242.70676pt>
File: figs/PID_fig.png Graphic file (type png)
<use figs/PID_fig.png>
Package pdftex.def Info: figs/PID_fig.png  used on input line 242.
(pdftex.def)             Requested size: 430.60768pt x 242.70615pt.

Overfull \hbox (70.60768pt too wide) in paragraph at lines 242--243
[][] 
 []


Underfull \hbox (badness 10000) in paragraph at lines 246--247

 []

[10 <./figs/lightError.png (PNG copy)> <./figs/PID_fig.png>]
Underfull \hbox (badness 10000) in paragraph at lines 258--259

 []


Underfull \hbox (badness 10000) in paragraph at lines 268--269

 []


Underfull \hbox (badness 10000) in paragraph at lines 268--269

 []


Underfull \hbox (badness 10000) in paragraph at lines 273--276

 []

[11]
<figs/sonarDemo/testAnimated0.png, id=59, 702.625pt x 526.96875pt>
File: figs/sonarDemo/testAnimated0.png Graphic file (type png)
<use figs/sonarDemo/testAnimated0.png>
Package pdftex.def Info: figs/sonarDemo/testAnimated0.png  used on input line 2
82.
(pdftex.def)             Requested size: 702.62328pt x 526.96745pt.
 <./figs/sonarDemo/testAnimated0.png> <a0,fr0>
<figs/sonarDemo/testAnimated1.png, id=70, 702.625pt x 526.96875pt>
File: figs/sonarDemo/testAnimated1.png Graphic file (type png)
<use figs/sonarDemo/testAnimated1.png>
Package pdftex.def Info: figs/sonarDemo/testAnimated1.png  used on input line 2
82.
(pdftex.def)             Requested size: 702.62328pt x 526.96745pt.
 <./figs/sonarDemo/testAnimated1.png> <a0,fr1>
<figs/sonarDemo/testAnimated2.png, id=81, 702.625pt x 526.96875pt>
File: figs/sonarDemo/testAnimated2.png Graphic file (type png)
<use figs/sonarDemo/testAnimated2.png>
Package pdftex.def Info: figs/sonarDemo/testAnimated2.png  used on input line 2
82.
(pdftex.def)             Requested size: 702.62328pt x 526.96745pt.
 <./figs/sonarDemo/testAnimated2.png> <a0,fr2>
<figs/sonarDemo/testAnimated3.png, id=92, 702.625pt x 526.96875pt>
File: figs/sonarDemo/testAnimated3.png Graphic file (type png)
<use figs/sonarDemo/testAnimated3.png>
Package pdftex.def Info: figs/sonarDemo/testAnimated3.png  used on input line 2
82.
(pdftex.def)             Requested size: 702.62328pt x 526.96745pt.
 <./figs/sonarDemo/testAnimated3.png> <a0,fr3>
<figs/sonarDemo/testAnimated4.png, id=103, 702.625pt x 526.96875pt>
File: figs/sonarDemo/testAnimated4.png Graphic file (type png)
<use figs/sonarDemo/testAnimated4.png>
Package pdftex.def Info: figs/sonarDemo/testAnimated4.png  used on input line 2
82.
(pdftex.def)             Requested size: 702.62328pt x 526.96745pt.
 <./figs/sonarDemo/testAnimated4.png> <a0,fr4>
<figs/sonarDemo/testAnimated5.png, id=114, 702.625pt x 526.96875pt>
File: figs/sonarDemo/testAnimated5.png Graphic file (type png)
<use figs/sonarDemo/testAnimated5.png>
Package pdftex.def Info: figs/sonarDemo/testAnimated5.png  used on input line 2
82.
(pdftex.def)             Requested size: 702.62328pt x 526.96745pt.
 <./figs/sonarDemo/testAnimated5.png> <a0,fr5>
<figs/sonarDemo/testAnimated6.png, id=125, 702.625pt x 526.96875pt>
File: figs/sonarDemo/testAnimated6.png Graphic file (type png)
<use figs/sonarDemo/testAnimated6.png>
Package pdftex.def Info: figs/sonarDemo/testAnimated6.png  used on input line 2
82.
(pdftex.def)             Requested size: 702.62328pt x 526.96745pt.
 <./figs/sonarDemo/testAnimated6.png> <a0,fr6>
<figs/sonarDemo/testAnimated7.png, id=136, 702.625pt x 526.96875pt>
File: figs/sonarDemo/testAnimated7.png Graphic file (type png)
<use figs/sonarDemo/testAnimated7.png>
Package pdftex.def Info: figs/sonarDemo/testAnimated7.png  used on input line 2
82.
(pdftex.def)             Requested size: 702.62328pt x 526.96745pt.
 <./figs/sonarDemo/testAnimated7.png> <a0,fr7>
<figs/sonarDemo/testAnimated8.png, id=147, 702.625pt x 526.96875pt>
File: figs/sonarDemo/testAnimated8.png Graphic file (type png)
<use figs/sonarDemo/testAnimated8.png>
Package pdftex.def Info: figs/sonarDemo/testAnimated8.png  used on input line 2
82.
(pdftex.def)             Requested size: 702.62328pt x 526.96745pt.
 <./figs/sonarDemo/testAnimated8.png> <a0,fr8>
<figs/sonarDemo/testAnimated9.png, id=158, 702.625pt x 526.96875pt>
File: figs/sonarDemo/testAnimated9.png Graphic file (type png)
<use figs/sonarDemo/testAnimated9.png>
Package pdftex.def Info: figs/sonarDemo/testAnimated9.png  used on input line 2
82.
(pdftex.def)             Requested size: 702.62328pt x 526.96745pt.
 <./figs/sonarDemo/testAnimated9.png> <a0,fr9>
<figs/sonarDemo/testAnimated10.png, id=169, 702.625pt x 526.96875pt>
File: figs/sonarDemo/testAnimated10.png Graphic file (type png)
<use figs/sonarDemo/testAnimated10.png>
Package pdftex.def Info: figs/sonarDemo/testAnimated10.png  used on input line 
282.
(pdftex.def)             Requested size: 702.62328pt x 526.96745pt.
 <./figs/sonarDemo/testAnimated10.png> <a0,fr10>
<figs/sonarDemo/testAnimated11.png, id=180, 702.625pt x 526.96875pt>
File: figs/sonarDemo/testAnimated11.png Graphic file (type png)
<use figs/sonarDemo/testAnimated11.png>
Package pdftex.def Info: figs/sonarDemo/testAnimated11.png  used on input line 
282.
(pdftex.def)             Requested size: 702.62328pt x 526.96745pt.
 <./figs/sonarDemo/testAnimated11.png>
<a0,fr11>
<figs/sonarDemo/testAnimated12.png, id=191, 702.625pt x 526.96875pt>
File: figs/sonarDemo/testAnimated12.png Graphic file (type png)
<use figs/sonarDemo/testAnimated12.png>
Package pdftex.def Info: figs/sonarDemo/testAnimated12.png  used on input line 
282.
(pdftex.def)             Requested size: 702.62328pt x 526.96745pt.
 <./figs/sonarDemo/testAnimated12.png> <a0,fr12>
<figs/sonarDemo/testAnimated13.png, id=202, 702.625pt x 526.96875pt>
File: figs/sonarDemo/testAnimated13.png Graphic file (type png)
<use figs/sonarDemo/testAnimated13.png>
Package pdftex.def Info: figs/sonarDemo/testAnimated13.png  used on input line 
282.
(pdftex.def)             Requested size: 702.62328pt x 526.96745pt.
 <./figs/sonarDemo/testAnimated13.png> <a0,fr13>
<figs/sonarDemo/testAnimated14.png, id=213, 702.625pt x 526.96875pt>
File: figs/sonarDemo/testAnimated14.png Graphic file (type png)
<use figs/sonarDemo/testAnimated14.png>
Package pdftex.def Info: figs/sonarDemo/testAnimated14.png  used on input line 
282.
(pdftex.def)             Requested size: 702.62328pt x 526.96745pt.
 <./figs/sonarDemo/testAnimated14.png> <a0,fr14>
<figs/sonarDemo/testAnimated15.png, id=224, 702.625pt x 526.96875pt>
File: figs/sonarDemo/testAnimated15.png Graphic file (type png)
<use figs/sonarDemo/testAnimated15.png>
Package pdftex.def Info: figs/sonarDemo/testAnimated15.png  used on input line 
282.
(pdftex.def)             Requested size: 702.62328pt x 526.96745pt.
 <./figs/sonarDemo/testAnimated15.png> <a0,fr15>
<figs/sonarDemo/testAnimated16.png, id=235, 702.625pt x 526.96875pt>
File: figs/sonarDemo/testAnimated16.png Graphic file (type png)
<use figs/sonarDemo/testAnimated16.png>
Package pdftex.def Info: figs/sonarDemo/testAnimated16.png  used on input line 
282.
(pdftex.def)             Requested size: 702.62328pt x 526.96745pt.
 <./figs/sonarDemo/testAnimated16.png> <a0,fr16>
<figs/sonarDemo/testAnimated17.png, id=246, 702.625pt x 526.96875pt>
File: figs/sonarDemo/testAnimated17.png Graphic file (type png)
<use figs/sonarDemo/testAnimated17.png>
Package pdftex.def Info: figs/sonarDemo/testAnimated17.png  used on input line 
282.
(pdftex.def)             Requested size: 702.62328pt x 526.96745pt.
 <./figs/sonarDemo/testAnimated17.png> <a0,fr17>
<figs/sonarDemo/testAnimated18.png, id=257, 702.625pt x 526.96875pt>
File: figs/sonarDemo/testAnimated18.png Graphic file (type png)
<use figs/sonarDemo/testAnimated18.png>
Package pdftex.def Info: figs/sonarDemo/testAnimated18.png  used on input line 
282.
(pdftex.def)             Requested size: 702.62328pt x 526.96745pt.
 <./figs/sonarDemo/testAnimated18.png> <a0,fr18>
<figs/sonarDemo/testAnimated19.png, id=268, 702.625pt x 526.96875pt>
File: figs/sonarDemo/testAnimated19.png Graphic file (type png)
<use figs/sonarDemo/testAnimated19.png>
Package pdftex.def Info: figs/sonarDemo/testAnimated19.png  used on input line 
282.
(pdftex.def)             Requested size: 702.62328pt x 526.96745pt.
 <./figs/sonarDemo/testAnimated19.png> <a0,fr19>
<figs/sonarDemo/testAnimated20.png, id=279, 702.625pt x 526.96875pt>
File: figs/sonarDemo/testAnimated20.png Graphic file (type png)
<use figs/sonarDemo/testAnimated20.png>
Package pdftex.def Info: figs/sonarDemo/testAnimated20.png  used on input line 
282.
(pdftex.def)             Requested size: 702.62328pt x 526.96745pt.
 <./figs/sonarDemo/testAnimated20.png> <a0,fr20>
<figs/sonarDemo/testAnimated21.png, id=290, 702.625pt x 526.96875pt>
File: figs/sonarDemo/testAnimated21.png Graphic file (type png)
<use figs/sonarDemo/testAnimated21.png>
Package pdftex.def Info: figs/sonarDemo/testAnimated21.png  used on input line 
282.
(pdftex.def)             Requested size: 702.62328pt x 526.96745pt.
 <./figs/sonarDemo/testAnimated21.png> <a0,fr21>
<figs/sonarDemo/testAnimated22.png, id=301, 702.625pt x 526.96875pt>
File: figs/sonarDemo/testAnimated22.png Graphic file (type png)
<use figs/sonarDemo/testAnimated22.png>
Package pdftex.def Info: figs/sonarDemo/testAnimated22.png  used on input line 
282.
(pdftex.def)             Requested size: 702.62328pt x 526.96745pt.
 <./figs/sonarDemo/testAnimated22.png> <a0,fr22>
<figs/sonarDemo/testAnimated23.png, id=312, 702.625pt x 526.96875pt>
File: figs/sonarDemo/testAnimated23.png Graphic file (type png)
<use figs/sonarDemo/testAnimated23.png>
Package pdftex.def Info: figs/sonarDemo/testAnimated23.png  used on input line 
282.
(pdftex.def)             Requested size: 702.62328pt x 526.96745pt.
 <./figs/sonarDemo/testAnimated23.png> <a0,fr23>
<figs/sonarDemo/testAnimated24.png, id=323, 702.625pt x 526.96875pt>
File: figs/sonarDemo/testAnimated24.png Graphic file (type png)
<use figs/sonarDemo/testAnimated24.png>
Package pdftex.def Info: figs/sonarDemo/testAnimated24.png  used on input line 
282.
(pdftex.def)             Requested size: 702.62328pt x 526.96745pt.
 <./figs/sonarDemo/testAnimated24.png>
<a0,fr24>
<figs/sonarDemo/testAnimated25.png, id=334, 702.625pt x 526.96875pt>
File: figs/sonarDemo/testAnimated25.png Graphic file (type png)
<use figs/sonarDemo/testAnimated25.png>
Package pdftex.def Info: figs/sonarDemo/testAnimated25.png  used on input line 
282.
(pdftex.def)             Requested size: 702.62328pt x 526.96745pt.
 <./figs/sonarDemo/testAnimated25.png> <a0,fr25>
<figs/sonarDemo/testAnimated26.png, id=345, 702.625pt x 526.96875pt>
File: figs/sonarDemo/testAnimated26.png Graphic file (type png)
<use figs/sonarDemo/testAnimated26.png>
Package pdftex.def Info: figs/sonarDemo/testAnimated26.png  used on input line 
282.
(pdftex.def)             Requested size: 702.62328pt x 526.96745pt.
 <./figs/sonarDemo/testAnimated26.png> <a0,fr26>
<figs/sonarDemo/testAnimated27.png, id=356, 702.625pt x 526.96875pt>
File: figs/sonarDemo/testAnimated27.png Graphic file (type png)
<use figs/sonarDemo/testAnimated27.png>
Package pdftex.def Info: figs/sonarDemo/testAnimated27.png  used on input line 
282.
(pdftex.def)             Requested size: 702.62328pt x 526.96745pt.
 <./figs/sonarDemo/testAnimated27.png> <a0,fr27>
<figs/sonarDemo/testAnimated28.png, id=367, 702.625pt x 526.96875pt>
File: figs/sonarDemo/testAnimated28.png Graphic file (type png)
<use figs/sonarDemo/testAnimated28.png>
Package pdftex.def Info: figs/sonarDemo/testAnimated28.png  used on input line 
282.
(pdftex.def)             Requested size: 702.62328pt x 526.96745pt.
 <./figs/sonarDemo/testAnimated28.png> <a0,fr28>
<figs/sonarDemo/testAnimated29.png, id=378, 702.625pt x 526.96875pt>
File: figs/sonarDemo/testAnimated29.png Graphic file (type png)
<use figs/sonarDemo/testAnimated29.png>
Package pdftex.def Info: figs/sonarDemo/testAnimated29.png  used on input line 
282.
(pdftex.def)             Requested size: 702.62328pt x 526.96745pt.
 <./figs/sonarDemo/testAnimated29.png> <a0,fr29>
<figs/sonarDemo/testAnimated30.png, id=389, 702.625pt x 526.96875pt>
File: figs/sonarDemo/testAnimated30.png Graphic file (type png)
<use figs/sonarDemo/testAnimated30.png>
Package pdftex.def Info: figs/sonarDemo/testAnimated30.png  used on input line 
282.
(pdftex.def)             Requested size: 702.62328pt x 526.96745pt.
 <./figs/sonarDemo/testAnimated30.png> <a0,fr30>
<figs/sonarDemo/testAnimated31.png, id=400, 702.625pt x 526.96875pt>
File: figs/sonarDemo/testAnimated31.png Graphic file (type png)
<use figs/sonarDemo/testAnimated31.png>
Package pdftex.def Info: figs/sonarDemo/testAnimated31.png  used on input line 
282.
(pdftex.def)             Requested size: 702.62328pt x 526.96745pt.
 <./figs/sonarDemo/testAnimated31.png> <a0,fr31>
<figs/sonarDemo/testAnimated32.png, id=411, 702.625pt x 526.96875pt>
File: figs/sonarDemo/testAnimated32.png Graphic file (type png)
<use figs/sonarDemo/testAnimated32.png>
Package pdftex.def Info: figs/sonarDemo/testAnimated32.png  used on input line 
282.
(pdftex.def)             Requested size: 702.62328pt x 526.96745pt.
 <./figs/sonarDemo/testAnimated32.png> <a0,fr32>
<figs/sonarDemo/testAnimated33.png, id=422, 702.625pt x 526.96875pt>
File: figs/sonarDemo/testAnimated33.png Graphic file (type png)
<use figs/sonarDemo/testAnimated33.png>
Package pdftex.def Info: figs/sonarDemo/testAnimated33.png  used on input line 
282.
(pdftex.def)             Requested size: 702.62328pt x 526.96745pt.
 <./figs/sonarDemo/testAnimated33.png> <a0,fr33>
<figs/sonarDemo/testAnimated34.png, id=433, 702.625pt x 526.96875pt>
File: figs/sonarDemo/testAnimated34.png Graphic file (type png)
<use figs/sonarDemo/testAnimated34.png>
Package pdftex.def Info: figs/sonarDemo/testAnimated34.png  used on input line 
282.
(pdftex.def)             Requested size: 702.62328pt x 526.96745pt.
 <./figs/sonarDemo/testAnimated34.png> <a0,fr34>
<figs/sonarDemo/testAnimated35.png, id=444, 702.625pt x 526.96875pt>
File: figs/sonarDemo/testAnimated35.png Graphic file (type png)
<use figs/sonarDemo/testAnimated35.png>
Package pdftex.def Info: figs/sonarDemo/testAnimated35.png  used on input line 
282.
(pdftex.def)             Requested size: 702.62328pt x 526.96745pt.
 <./figs/sonarDemo/testAnimated35.png> <a0,fr35>
<figs/sonarDemo/testAnimated36.png, id=455, 702.625pt x 526.96875pt>
File: figs/sonarDemo/testAnimated36.png Graphic file (type png)
<use figs/sonarDemo/testAnimated36.png>
Package pdftex.def Info: figs/sonarDemo/testAnimated36.png  used on input line 
282.
(pdftex.def)             Requested size: 702.62328pt x 526.96745pt.
 <./figs/sonarDemo/testAnimated36.png> <a0,fr36>
<figs/sonarDemo/testAnimated37.png, id=466, 702.625pt x 526.96875pt>
File: figs/sonarDemo/testAnimated37.png Graphic file (type png)
<use figs/sonarDemo/testAnimated37.png>
Package pdftex.def Info: figs/sonarDemo/testAnimated37.png  used on input line 
282.
(pdftex.def)             Requested size: 702.62328pt x 526.96745pt.
 <./figs/sonarDemo/testAnimated37.png>
<a0,fr37>
<figs/sonarDemo/testAnimated38.png, id=477, 702.625pt x 526.96875pt>
File: figs/sonarDemo/testAnimated38.png Graphic file (type png)
<use figs/sonarDemo/testAnimated38.png>
Package pdftex.def Info: figs/sonarDemo/testAnimated38.png  used on input line 
282.
(pdftex.def)             Requested size: 702.62328pt x 526.96745pt.
 <./figs/sonarDemo/testAnimated38.png> <a0,fr38>
<figs/sonarDemo/testAnimated39.png, id=488, 702.625pt x 526.96875pt>
File: figs/sonarDemo/testAnimated39.png Graphic file (type png)
<use figs/sonarDemo/testAnimated39.png>
Package pdftex.def Info: figs/sonarDemo/testAnimated39.png  used on input line 
282.
(pdftex.def)             Requested size: 702.62328pt x 526.96745pt.
 <./figs/sonarDemo/testAnimated39.png> <a0,fr39>
<figs/sonarDemo/testAnimated40.png, id=499, 702.625pt x 526.96875pt>
File: figs/sonarDemo/testAnimated40.png Graphic file (type png)
<use figs/sonarDemo/testAnimated40.png>
Package pdftex.def Info: figs/sonarDemo/testAnimated40.png  used on input line 
282.
(pdftex.def)             Requested size: 702.62328pt x 526.96745pt.
 <./figs/sonarDemo/testAnimated40.png> <a0,fr40>
<figs/sonarDemo/testAnimated41.png, id=510, 702.625pt x 526.96875pt>
File: figs/sonarDemo/testAnimated41.png Graphic file (type png)
<use figs/sonarDemo/testAnimated41.png>
Package pdftex.def Info: figs/sonarDemo/testAnimated41.png  used on input line 
282.
(pdftex.def)             Requested size: 702.62328pt x 526.96745pt.
 <./figs/sonarDemo/testAnimated41.png> <a0,fr41>
<figs/sonarDemo/testAnimated42.png, id=521, 702.625pt x 526.96875pt>
File: figs/sonarDemo/testAnimated42.png Graphic file (type png)
<use figs/sonarDemo/testAnimated42.png>
Package pdftex.def Info: figs/sonarDemo/testAnimated42.png  used on input line 
282.
(pdftex.def)             Requested size: 702.62328pt x 526.96745pt.
 <./figs/sonarDemo/testAnimated42.png> <a0,fr42>
<figs/sonarDemo/testAnimated43.png, id=532, 702.625pt x 526.96875pt>
File: figs/sonarDemo/testAnimated43.png Graphic file (type png)
<use figs/sonarDemo/testAnimated43.png>
Package pdftex.def Info: figs/sonarDemo/testAnimated43.png  used on input line 
282.
(pdftex.def)             Requested size: 702.62328pt x 526.96745pt.
 <./figs/sonarDemo/testAnimated43.png> <a0,fr43>
<figs/sonarDemo/testAnimated44.png, id=543, 702.625pt x 526.96875pt>
File: figs/sonarDemo/testAnimated44.png Graphic file (type png)
<use figs/sonarDemo/testAnimated44.png>
Package pdftex.def Info: figs/sonarDemo/testAnimated44.png  used on input line 
282.
(pdftex.def)             Requested size: 702.62328pt x 526.96745pt.
 <./figs/sonarDemo/testAnimated44.png> <a0,fr44>
<figs/sonarDemo/testAnimated45.png, id=554, 702.625pt x 526.96875pt>
File: figs/sonarDemo/testAnimated45.png Graphic file (type png)
<use figs/sonarDemo/testAnimated45.png>
Package pdftex.def Info: figs/sonarDemo/testAnimated45.png  used on input line 
282.
(pdftex.def)             Requested size: 702.62328pt x 526.96745pt.
 <./figs/sonarDemo/testAnimated45.png> <a0,fr45>
<figs/sonarDemo/testAnimated46.png, id=565, 702.625pt x 526.96875pt>
File: figs/sonarDemo/testAnimated46.png Graphic file (type png)
<use figs/sonarDemo/testAnimated46.png>
Package pdftex.def Info: figs/sonarDemo/testAnimated46.png  used on input line 
282.
(pdftex.def)             Requested size: 702.62328pt x 526.96745pt.
 <./figs/sonarDemo/testAnimated46.png> <a0,fr46>
<figs/sonarDemo/testAnimated47.png, id=576, 702.625pt x 526.96875pt>
File: figs/sonarDemo/testAnimated47.png Graphic file (type png)
<use figs/sonarDemo/testAnimated47.png>
Package pdftex.def Info: figs/sonarDemo/testAnimated47.png  used on input line 
282.
(pdftex.def)             Requested size: 702.62328pt x 526.96745pt.
 <./figs/sonarDemo/testAnimated47.png> <a0,fr47>
<figs/sonarDemo/testAnimated48.png, id=587, 702.625pt x 526.96875pt>
File: figs/sonarDemo/testAnimated48.png Graphic file (type png)
<use figs/sonarDemo/testAnimated48.png>
Package pdftex.def Info: figs/sonarDemo/testAnimated48.png  used on input line 
282.
(pdftex.def)             Requested size: 702.62328pt x 526.96745pt.
 <./figs/sonarDemo/testAnimated48.png> <a0,fr48>
<figs/sonarDemo/testAnimated49.png, id=598, 702.625pt x 526.96875pt>
File: figs/sonarDemo/testAnimated49.png Graphic file (type png)
<use figs/sonarDemo/testAnimated49.png>
Package pdftex.def Info: figs/sonarDemo/testAnimated49.png  used on input line 
282.
(pdftex.def)             Requested size: 702.62328pt x 526.96745pt.
 <./figs/sonarDemo/testAnimated49.png> <a0,fr49>
<figs/sonarDemo/testAnimated50.png, id=609, 702.625pt x 526.96875pt>
File: figs/sonarDemo/testAnimated50.png Graphic file (type png)
<use figs/sonarDemo/testAnimated50.png>
Package pdftex.def Info: figs/sonarDemo/testAnimated50.png  used on input line 
282.
(pdftex.def)             Requested size: 702.62328pt x 526.96745pt.
 <./figs/sonarDemo/testAnimated50.png>
<a0,fr50>
<figs/sonarDemo/testAnimated51.png, id=620, 702.625pt x 526.96875pt>
File: figs/sonarDemo/testAnimated51.png Graphic file (type png)
<use figs/sonarDemo/testAnimated51.png>
Package pdftex.def Info: figs/sonarDemo/testAnimated51.png  used on input line 
282.
(pdftex.def)             Requested size: 702.62328pt x 526.96745pt.
 <./figs/sonarDemo/testAnimated51.png> <a0,fr51>
<figs/sonarDemo/testAnimated52.png, id=631, 702.625pt x 526.96875pt>
File: figs/sonarDemo/testAnimated52.png Graphic file (type png)
<use figs/sonarDemo/testAnimated52.png>
Package pdftex.def Info: figs/sonarDemo/testAnimated52.png  used on input line 
282.
(pdftex.def)             Requested size: 702.62328pt x 526.96745pt.
 <./figs/sonarDemo/testAnimated52.png> <a0,fr52>
<figs/sonarDemo/testAnimated53.png, id=642, 702.625pt x 526.96875pt>
File: figs/sonarDemo/testAnimated53.png Graphic file (type png)
<use figs/sonarDemo/testAnimated53.png>
Package pdftex.def Info: figs/sonarDemo/testAnimated53.png  used on input line 
282.
(pdftex.def)             Requested size: 702.62328pt x 526.96745pt.
 <./figs/sonarDemo/testAnimated53.png> <a0,fr53>
<figs/sonarDemo/testAnimated54.png, id=653, 702.625pt x 526.96875pt>
File: figs/sonarDemo/testAnimated54.png Graphic file (type png)
<use figs/sonarDemo/testAnimated54.png>
Package pdftex.def Info: figs/sonarDemo/testAnimated54.png  used on input line 
282.
(pdftex.def)             Requested size: 702.62328pt x 526.96745pt.
 <./figs/sonarDemo/testAnimated54.png> <a0,fr54>
<figs/sonarDemo/testAnimated55.png, id=664, 702.625pt x 526.96875pt>
File: figs/sonarDemo/testAnimated55.png Graphic file (type png)
<use figs/sonarDemo/testAnimated55.png>
Package pdftex.def Info: figs/sonarDemo/testAnimated55.png  used on input line 
282.
(pdftex.def)             Requested size: 702.62328pt x 526.96745pt.
 <./figs/sonarDemo/testAnimated55.png> <a0,fr55>
<figs/sonarDemo/testAnimated56.png, id=675, 702.625pt x 526.96875pt>
File: figs/sonarDemo/testAnimated56.png Graphic file (type png)
<use figs/sonarDemo/testAnimated56.png>
Package pdftex.def Info: figs/sonarDemo/testAnimated56.png  used on input line 
282.
(pdftex.def)             Requested size: 702.62328pt x 526.96745pt.
 <./figs/sonarDemo/testAnimated56.png> <a0,fr56>
<figs/sonarDemo/testAnimated57.png, id=686, 702.625pt x 526.96875pt>
File: figs/sonarDemo/testAnimated57.png Graphic file (type png)
<use figs/sonarDemo/testAnimated57.png>
Package pdftex.def Info: figs/sonarDemo/testAnimated57.png  used on input line 
282.
(pdftex.def)             Requested size: 702.62328pt x 526.96745pt.
 <./figs/sonarDemo/testAnimated57.png> <a0,fr57>
<figs/sonarDemo/testAnimated58.png, id=697, 702.625pt x 526.96875pt>
File: figs/sonarDemo/testAnimated58.png Graphic file (type png)
<use figs/sonarDemo/testAnimated58.png>
Package pdftex.def Info: figs/sonarDemo/testAnimated58.png  used on input line 
282.
(pdftex.def)             Requested size: 702.62328pt x 526.96745pt.
 <./figs/sonarDemo/testAnimated58.png> <a0,fr58>
<figs/sonarDemo/testAnimated59.png, id=708, 702.625pt x 526.96875pt>
File: figs/sonarDemo/testAnimated59.png Graphic file (type png)
<use figs/sonarDemo/testAnimated59.png>
Package pdftex.def Info: figs/sonarDemo/testAnimated59.png  used on input line 
282.
(pdftex.def)             Requested size: 702.62328pt x 526.96745pt.
 <./figs/sonarDemo/testAnimated59.png> <a0,fr59>
<figs/sonarDemo/testAnimated60.png, id=719, 702.625pt x 526.96875pt>
File: figs/sonarDemo/testAnimated60.png Graphic file (type png)
<use figs/sonarDemo/testAnimated60.png>
Package pdftex.def Info: figs/sonarDemo/testAnimated60.png  used on input line 
282.
(pdftex.def)             Requested size: 702.62328pt x 526.96745pt.
 <./figs/sonarDemo/testAnimated60.png> <a0,fr60>
<figs/sonarDemo/testAnimated61.png, id=730, 702.625pt x 526.96875pt>
File: figs/sonarDemo/testAnimated61.png Graphic file (type png)
<use figs/sonarDemo/testAnimated61.png>
Package pdftex.def Info: figs/sonarDemo/testAnimated61.png  used on input line 
282.
(pdftex.def)             Requested size: 702.62328pt x 526.96745pt.
 <./figs/sonarDemo/testAnimated61.png> <a0,fr61>
<figs/sonarDemo/testAnimated62.png, id=741, 702.625pt x 526.96875pt>
File: figs/sonarDemo/testAnimated62.png Graphic file (type png)
<use figs/sonarDemo/testAnimated62.png>
Package pdftex.def Info: figs/sonarDemo/testAnimated62.png  used on input line 
282.
(pdftex.def)             Requested size: 702.62328pt x 526.96745pt.
 <./figs/sonarDemo/testAnimated62.png> <a0,fr62>
<figs/sonarDemo/testAnimated63.png, id=752, 702.625pt x 526.96875pt>
File: figs/sonarDemo/testAnimated63.png Graphic file (type png)
<use figs/sonarDemo/testAnimated63.png>
Package pdftex.def Info: figs/sonarDemo/testAnimated63.png  used on input line 
282.
(pdftex.def)             Requested size: 702.62328pt x 526.96745pt.
 <./figs/sonarDemo/testAnimated63.png>
<a0,fr63>
<figs/sonarDemo/testAnimated64.png, id=763, 702.625pt x 526.96875pt>
File: figs/sonarDemo/testAnimated64.png Graphic file (type png)
<use figs/sonarDemo/testAnimated64.png>
Package pdftex.def Info: figs/sonarDemo/testAnimated64.png  used on input line 
282.
(pdftex.def)             Requested size: 702.62328pt x 526.96745pt.
 <./figs/sonarDemo/testAnimated64.png> <a0,fr64>
<figs/sonarDemo/testAnimated65.png, id=774, 702.625pt x 526.96875pt>
File: figs/sonarDemo/testAnimated65.png Graphic file (type png)
<use figs/sonarDemo/testAnimated65.png>
Package pdftex.def Info: figs/sonarDemo/testAnimated65.png  used on input line 
282.
(pdftex.def)             Requested size: 702.62328pt x 526.96745pt.
 <./figs/sonarDemo/testAnimated65.png> <a0,fr65>
<figs/sonarDemo/testAnimated66.png, id=785, 702.625pt x 526.96875pt>
File: figs/sonarDemo/testAnimated66.png Graphic file (type png)
<use figs/sonarDemo/testAnimated66.png>
Package pdftex.def Info: figs/sonarDemo/testAnimated66.png  used on input line 
282.
(pdftex.def)             Requested size: 702.62328pt x 526.96745pt.
 <./figs/sonarDemo/testAnimated66.png> <a0,fr66>
<figs/sonarDemo/testAnimated67.png, id=796, 702.625pt x 526.96875pt>
File: figs/sonarDemo/testAnimated67.png Graphic file (type png)
<use figs/sonarDemo/testAnimated67.png>
Package pdftex.def Info: figs/sonarDemo/testAnimated67.png  used on input line 
282.
(pdftex.def)             Requested size: 702.62328pt x 526.96745pt.
 <./figs/sonarDemo/testAnimated67.png> <a0,fr67>
<figs/sonarDemo/testAnimated68.png, id=807, 702.625pt x 526.96875pt>
File: figs/sonarDemo/testAnimated68.png Graphic file (type png)
<use figs/sonarDemo/testAnimated68.png>
Package pdftex.def Info: figs/sonarDemo/testAnimated68.png  used on input line 
282.
(pdftex.def)             Requested size: 702.62328pt x 526.96745pt.
 <./figs/sonarDemo/testAnimated68.png> <a0,fr68>
<figs/sonarDemo/testAnimated69.png, id=818, 702.625pt x 526.96875pt>
File: figs/sonarDemo/testAnimated69.png Graphic file (type png)
<use figs/sonarDemo/testAnimated69.png>
Package pdftex.def Info: figs/sonarDemo/testAnimated69.png  used on input line 
282.
(pdftex.def)             Requested size: 702.62328pt x 526.96745pt.
 <./figs/sonarDemo/testAnimated69.png> <a0,fr69>
<figs/sonarDemo/testAnimated70.png, id=829, 702.625pt x 526.96875pt>
File: figs/sonarDemo/testAnimated70.png Graphic file (type png)
<use figs/sonarDemo/testAnimated70.png>
Package pdftex.def Info: figs/sonarDemo/testAnimated70.png  used on input line 
282.
(pdftex.def)             Requested size: 702.62328pt x 526.96745pt.
 <./figs/sonarDemo/testAnimated70.png> <a0,fr70>
<figs/sonarDemo/testAnimated71.png, id=840, 702.625pt x 526.96875pt>
File: figs/sonarDemo/testAnimated71.png Graphic file (type png)
<use figs/sonarDemo/testAnimated71.png>
Package pdftex.def Info: figs/sonarDemo/testAnimated71.png  used on input line 
282.
(pdftex.def)             Requested size: 702.62328pt x 526.96745pt.
 <./figs/sonarDemo/testAnimated71.png> <a0,fr71>
<figs/sonarDemo/testAnimated72.png, id=851, 702.625pt x 526.96875pt>
File: figs/sonarDemo/testAnimated72.png Graphic file (type png)
<use figs/sonarDemo/testAnimated72.png>
Package pdftex.def Info: figs/sonarDemo/testAnimated72.png  used on input line 
282.
(pdftex.def)             Requested size: 702.62328pt x 526.96745pt.
 <./figs/sonarDemo/testAnimated72.png> <a0,fr72>
<figs/sonarDemo/testAnimated73.png, id=862, 702.625pt x 526.96875pt>
File: figs/sonarDemo/testAnimated73.png Graphic file (type png)
<use figs/sonarDemo/testAnimated73.png>
Package pdftex.def Info: figs/sonarDemo/testAnimated73.png  used on input line 
282.
(pdftex.def)             Requested size: 702.62328pt x 526.96745pt.
 <./figs/sonarDemo/testAnimated73.png> <a0,fr73>
<figs/sonarDemo/testAnimated74.png, id=873, 702.625pt x 526.96875pt>
File: figs/sonarDemo/testAnimated74.png Graphic file (type png)
<use figs/sonarDemo/testAnimated74.png>
Package pdftex.def Info: figs/sonarDemo/testAnimated74.png  used on input line 
282.
(pdftex.def)             Requested size: 702.62328pt x 526.96745pt.
 <./figs/sonarDemo/testAnimated74.png> <a0,fr74>
<figs/sonarDemo/testAnimated75.png, id=884, 702.625pt x 526.96875pt>
File: figs/sonarDemo/testAnimated75.png Graphic file (type png)
<use figs/sonarDemo/testAnimated75.png>
Package pdftex.def Info: figs/sonarDemo/testAnimated75.png  used on input line 
282.
(pdftex.def)             Requested size: 702.62328pt x 526.96745pt.
 <./figs/sonarDemo/testAnimated75.png> <a0,fr75>
<figs/sonarDemo/testAnimated76.png, id=895, 702.625pt x 526.96875pt>
File: figs/sonarDemo/testAnimated76.png Graphic file (type png)
<use figs/sonarDemo/testAnimated76.png>
Package pdftex.def Info: figs/sonarDemo/testAnimated76.png  used on input line 
282.
(pdftex.def)             Requested size: 702.62328pt x 526.96745pt.
 <./figs/sonarDemo/testAnimated76.png>
<a0,fr76>
<figs/sonarDemo/testAnimated77.png, id=906, 702.625pt x 526.96875pt>
File: figs/sonarDemo/testAnimated77.png Graphic file (type png)
<use figs/sonarDemo/testAnimated77.png>
Package pdftex.def Info: figs/sonarDemo/testAnimated77.png  used on input line 
282.
(pdftex.def)             Requested size: 702.62328pt x 526.96745pt.
 <./figs/sonarDemo/testAnimated77.png> <a0,fr77>
<figs/sonarDemo/testAnimated78.png, id=917, 702.625pt x 526.96875pt>
File: figs/sonarDemo/testAnimated78.png Graphic file (type png)
<use figs/sonarDemo/testAnimated78.png>
Package pdftex.def Info: figs/sonarDemo/testAnimated78.png  used on input line 
282.
(pdftex.def)             Requested size: 702.62328pt x 526.96745pt.
 <./figs/sonarDemo/testAnimated78.png> <a0,fr78>
<figs/sonarDemo/testAnimated79.png, id=928, 702.625pt x 526.96875pt>
File: figs/sonarDemo/testAnimated79.png Graphic file (type png)
<use figs/sonarDemo/testAnimated79.png>
Package pdftex.def Info: figs/sonarDemo/testAnimated79.png  used on input line 
282.
(pdftex.def)             Requested size: 702.62328pt x 526.96745pt.
 <./figs/sonarDemo/testAnimated79.png> <a0,fr79>
<figs/sonarDemo/testAnimated80.png, id=939, 702.625pt x 526.96875pt>
File: figs/sonarDemo/testAnimated80.png Graphic file (type png)
<use figs/sonarDemo/testAnimated80.png>
Package pdftex.def Info: figs/sonarDemo/testAnimated80.png  used on input line 
282.
(pdftex.def)             Requested size: 702.62328pt x 526.96745pt.
 <./figs/sonarDemo/testAnimated80.png> <a0,fr80>
<figs/sonarDemo/testAnimated81.png, id=950, 702.625pt x 526.96875pt>
File: figs/sonarDemo/testAnimated81.png Graphic file (type png)
<use figs/sonarDemo/testAnimated81.png>
Package pdftex.def Info: figs/sonarDemo/testAnimated81.png  used on input line 
282.
(pdftex.def)             Requested size: 702.62328pt x 526.96745pt.
 <./figs/sonarDemo/testAnimated81.png> <a0,fr81>
<figs/sonarDemo/testAnimated82.png, id=961, 702.625pt x 526.96875pt>
File: figs/sonarDemo/testAnimated82.png Graphic file (type png)
<use figs/sonarDemo/testAnimated82.png>
Package pdftex.def Info: figs/sonarDemo/testAnimated82.png  used on input line 
282.
(pdftex.def)             Requested size: 702.62328pt x 526.96745pt.
 <./figs/sonarDemo/testAnimated82.png> <a0,fr82>
<figs/sonarDemo/testAnimated83.png, id=972, 702.625pt x 526.96875pt>
File: figs/sonarDemo/testAnimated83.png Graphic file (type png)
<use figs/sonarDemo/testAnimated83.png>
Package pdftex.def Info: figs/sonarDemo/testAnimated83.png  used on input line 
282.
(pdftex.def)             Requested size: 702.62328pt x 526.96745pt.
 <./figs/sonarDemo/testAnimated83.png> <a0,fr83>
<figs/sonarDemo/testAnimated84.png, id=983, 702.625pt x 526.96875pt>
File: figs/sonarDemo/testAnimated84.png Graphic file (type png)
<use figs/sonarDemo/testAnimated84.png>
Package pdftex.def Info: figs/sonarDemo/testAnimated84.png  used on input line 
282.
(pdftex.def)             Requested size: 702.62328pt x 526.96745pt.
 <./figs/sonarDemo/testAnimated84.png> <a0,fr84>
<figs/sonarDemo/testAnimated85.png, id=994, 702.625pt x 526.96875pt>
File: figs/sonarDemo/testAnimated85.png Graphic file (type png)
<use figs/sonarDemo/testAnimated85.png>
Package pdftex.def Info: figs/sonarDemo/testAnimated85.png  used on input line 
282.
(pdftex.def)             Requested size: 702.62328pt x 526.96745pt.
 <./figs/sonarDemo/testAnimated85.png> <a0,fr85>
<figs/sonarDemo/testAnimated86.png, id=1005, 702.625pt x 526.96875pt>
File: figs/sonarDemo/testAnimated86.png Graphic file (type png)
<use figs/sonarDemo/testAnimated86.png>
Package pdftex.def Info: figs/sonarDemo/testAnimated86.png  used on input line 
282.
(pdftex.def)             Requested size: 702.62328pt x 526.96745pt.
 <./figs/sonarDemo/testAnimated86.png> <a0,fr86>
<figs/sonarDemo/testAnimated87.png, id=1016, 702.625pt x 526.96875pt>
File: figs/sonarDemo/testAnimated87.png Graphic file (type png)
<use figs/sonarDemo/testAnimated87.png>
Package pdftex.def Info: figs/sonarDemo/testAnimated87.png  used on input line 
282.
(pdftex.def)             Requested size: 702.62328pt x 526.96745pt.
 <./figs/sonarDemo/testAnimated87.png> <a0,fr87>
<figs/sonarDemo/testAnimated88.png, id=1027, 702.625pt x 526.96875pt>
File: figs/sonarDemo/testAnimated88.png Graphic file (type png)
<use figs/sonarDemo/testAnimated88.png>
Package pdftex.def Info: figs/sonarDemo/testAnimated88.png  used on input line 
282.
(pdftex.def)             Requested size: 702.62328pt x 526.96745pt.
 <./figs/sonarDemo/testAnimated88.png> <a0,fr88>
<figs/sonarDemo/testAnimated89.png, id=1038, 702.625pt x 526.96875pt>
File: figs/sonarDemo/testAnimated89.png Graphic file (type png)
<use figs/sonarDemo/testAnimated89.png>
Package pdftex.def Info: figs/sonarDemo/testAnimated89.png  used on input line 
282.
(pdftex.def)             Requested size: 702.62328pt x 526.96745pt.
 <./figs/sonarDemo/testAnimated89.png>
<a0,fr89>
<figs/sonarDemo/testAnimated90.png, id=1049, 702.625pt x 526.96875pt>
File: figs/sonarDemo/testAnimated90.png Graphic file (type png)
<use figs/sonarDemo/testAnimated90.png>
Package pdftex.def Info: figs/sonarDemo/testAnimated90.png  used on input line 
282.
(pdftex.def)             Requested size: 702.62328pt x 526.96745pt.
 <./figs/sonarDemo/testAnimated90.png> <a0,fr90>
<figs/sonarDemo/testAnimated91.png, id=1060, 702.625pt x 526.96875pt>
File: figs/sonarDemo/testAnimated91.png Graphic file (type png)
<use figs/sonarDemo/testAnimated91.png>
Package pdftex.def Info: figs/sonarDemo/testAnimated91.png  used on input line 
282.
(pdftex.def)             Requested size: 702.62328pt x 526.96745pt.
 <./figs/sonarDemo/testAnimated91.png> <a0,fr91>
<figs/sonarDemo/testAnimated92.png, id=1071, 702.625pt x 526.96875pt>
File: figs/sonarDemo/testAnimated92.png Graphic file (type png)
<use figs/sonarDemo/testAnimated92.png>
Package pdftex.def Info: figs/sonarDemo/testAnimated92.png  used on input line 
282.
(pdftex.def)             Requested size: 702.62328pt x 526.96745pt.
 <./figs/sonarDemo/testAnimated92.png> <a0,fr92>
<figs/sonarDemo/testAnimated93.png, id=1082, 702.625pt x 526.96875pt>
File: figs/sonarDemo/testAnimated93.png Graphic file (type png)
<use figs/sonarDemo/testAnimated93.png>
Package pdftex.def Info: figs/sonarDemo/testAnimated93.png  used on input line 
282.
(pdftex.def)             Requested size: 702.62328pt x 526.96745pt.
 <./figs/sonarDemo/testAnimated93.png> <a0,fr93>
<figs/sonarDemo/testAnimated94.png, id=1093, 702.625pt x 526.96875pt>
File: figs/sonarDemo/testAnimated94.png Graphic file (type png)
<use figs/sonarDemo/testAnimated94.png>
Package pdftex.def Info: figs/sonarDemo/testAnimated94.png  used on input line 
282.
(pdftex.def)             Requested size: 702.62328pt x 526.96745pt.
 <./figs/sonarDemo/testAnimated94.png> <a0,fr94>
<figs/sonarDemo/testAnimated95.png, id=1104, 702.625pt x 526.96875pt>
File: figs/sonarDemo/testAnimated95.png Graphic file (type png)
<use figs/sonarDemo/testAnimated95.png>
Package pdftex.def Info: figs/sonarDemo/testAnimated95.png  used on input line 
282.
(pdftex.def)             Requested size: 702.62328pt x 526.96745pt.
 <./figs/sonarDemo/testAnimated95.png> <a0,fr95>
<figs/sonarDemo/testAnimated96.png, id=1115, 702.625pt x 526.96875pt>
File: figs/sonarDemo/testAnimated96.png Graphic file (type png)
<use figs/sonarDemo/testAnimated96.png>
Package pdftex.def Info: figs/sonarDemo/testAnimated96.png  used on input line 
282.
(pdftex.def)             Requested size: 702.62328pt x 526.96745pt.
 <./figs/sonarDemo/testAnimated96.png> <a0,fr96>
<figs/sonarDemo/testAnimated97.png, id=1126, 702.625pt x 526.96875pt>
File: figs/sonarDemo/testAnimated97.png Graphic file (type png)
<use figs/sonarDemo/testAnimated97.png>
Package pdftex.def Info: figs/sonarDemo/testAnimated97.png  used on input line 
282.
(pdftex.def)             Requested size: 702.62328pt x 526.96745pt.
 <./figs/sonarDemo/testAnimated97.png> <a0,fr97>
<figs/sonarDemo/testAnimated98.png, id=1137, 702.625pt x 526.96875pt>
File: figs/sonarDemo/testAnimated98.png Graphic file (type png)
<use figs/sonarDemo/testAnimated98.png>
Package pdftex.def Info: figs/sonarDemo/testAnimated98.png  used on input line 
282.
(pdftex.def)             Requested size: 702.62328pt x 526.96745pt.
 <./figs/sonarDemo/testAnimated98.png> <a0,fr98>
<figs/sonarDemo/testAnimated99.png, id=1148, 702.625pt x 526.96875pt>
File: figs/sonarDemo/testAnimated99.png Graphic file (type png)
<use figs/sonarDemo/testAnimated99.png>
Package pdftex.def Info: figs/sonarDemo/testAnimated99.png  used on input line 
282.
(pdftex.def)             Requested size: 702.62328pt x 526.96745pt.
 <./figs/sonarDemo/testAnimated99.png> <a0,fr99>
<figs/sonarDemo/testAnimated100.png, id=1159, 702.625pt x 526.96875pt>
File: figs/sonarDemo/testAnimated100.png Graphic file (type png)
<use figs/sonarDemo/testAnimated100.png>
Package pdftex.def Info: figs/sonarDemo/testAnimated100.png  used on input line
 282.
(pdftex.def)             Requested size: 702.62328pt x 526.96745pt.
 <./figs/sonarDemo/testAnimated100.png> <a0,fr100> [12]
Underfull \hbox (badness 10000) in paragraph at lines 295--302

 []


Underfull \hbox (badness 10000) in paragraph at lines 313--315

 []

[13]
Underfull \hbox (badness 10000) in paragraph at lines 316--317

 []

[14]
Chapter 2.
(document.bbl [15

]

LaTeX Warning: Empty `thebibliography' environment on input line 3.

) [16

] (document.aux) ) 
Here is how much of TeX's memory you used:
 15939 strings out of 492970
 289556 string characters out of 3125705
 511586 words of memory out of 3000000
 19536 multiletter control sequences out of 15000+200000
 541942 words of font info for 58 fonts, out of 3000000 for 9000
 1141 hyphenation exceptions out of 8191
 48i,10n,72p,540b,1192s stack positions out of 5000i,500n,10000p,200000b,50000s
<C:/Users/Lorenzo/AppData/Local/Programs/MiKTeX 2.9/fonts/typ
e1/public/amsfonts/cm/cmbx10.pfb><C:/Users/Lorenzo/AppData/Local/Programs/MiKTe
X 2.9/fonts/type1/public/amsfonts/cm/cmbx12.pfb><C:/Users/Lorenzo/AppData/Local
/Programs/MiKTeX 2.9/fonts/type1/public/amsfonts/cm/cmbxti10.pfb><C:/Users/Lore
nzo/AppData/Local/Programs/MiKTeX 2.9/fonts/type1/public/amsfonts/cm/cmex10.pfb
><C:/Users/Lorenzo/AppData/Local/Programs/MiKTeX 2.9/fonts/type1/public/amsfont
s/cm/cmmi10.pfb><C:/Users/Lorenzo/AppData/Local/Programs/MiKTeX 2.9/fonts/type1
/public/amsfonts/cm/cmmi6.pfb><C:/Users/Lorenzo/AppData/Local/Programs/MiKTeX 2
.9/fonts/type1/public/amsfonts/cm/cmmi8.pfb><C:/Users/Lorenzo/AppData/Local/Pro
grams/MiKTeX 2.9/fonts/type1/public/amsfonts/cm/cmr10.pfb><C:/Users/Lorenzo/App
Data/Local/Programs/MiKTeX 2.9/fonts/type1/public/amsfonts/cm/cmr12.pfb><C:/Use
rs/Lorenzo/AppData/Local/Programs/MiKTeX 2.9/fonts/type1/public/amsfonts/cm/cmr
17.pfb><C:/Users/Lorenzo/AppData/Local/Programs/MiKTeX 2.9/fonts/type1/public/a
msfonts/cm/cmr8.pfb><C:/Users/Lorenzo/AppData/Local/Programs/MiKTeX 2.9/fonts/t
ype1/public/amsfonts/cm/cmsy10.pfb><C:/Users/Lorenzo/AppData/Local/Programs/MiK
TeX 2.9/fonts/type1/public/amsfonts/cm/cmti10.pfb><C:/Users/Lorenzo/AppData/Loc
al/Programs/MiKTeX 2.9/fonts/type1/public/amsfonts/cm/cmtt10.pfb><C:/Users/Lore
nzo/AppData/Local/Programs/MiKTeX 2.9/fonts/type1/public/amsfonts/symbols/msbm1
0.pfb>
Output written on document.pdf (16 pages, 5163275 bytes).
PDF statistics:
 1266 PDF objects out of 1440 (max. 8388607)
 0 named destinations out of 1000 (max. 500000)
 3027 words of extra memory for PDF output out of 10000 (max. 10000000)

